{"C:\\projects\\utils\\saga-axios\\src\\index.js": {"path":"C:\\projects\\utils\\saga-axios\\src\\index.js","statementMap":{},"fnMap":{},"branchMap":{},"s":{},"f":{},"b":{}}
,"C:\\projects\\utils\\saga-axios\\src\\core\\index.js": {"path":"C:\\projects\\utils\\saga-axios\\src\\core\\index.js","statementMap":{},"fnMap":{},"branchMap":{},"s":{},"f":{},"b":{}}
,"C:\\projects\\utils\\saga-axios\\src\\sagas\\global.actions.js": {"path":"C:\\projects\\utils\\saga-axios\\src\\sagas\\global.actions.js","statementMap":{"0":{"start":{"line":3,"column":29},"end":{"line":8,"column":1}},"1":{"start":{"line":4,"column":2},"end":{"line":7,"column":4}},"2":{"start":{"line":10,"column":27},"end":{"line":13,"column":2}},"3":{"start":{"line":10,"column":41},"end":{"line":13,"column":1}},"4":{"start":{"line":15,"column":32},"end":{"line":18,"column":2}},"5":{"start":{"line":15,"column":41},"end":{"line":18,"column":1}},"6":{"start":{"line":20,"column":29},"end":{"line":25,"column":1}},"7":{"start":{"line":21,"column":2},"end":{"line":24,"column":4}}},"fnMap":{"0":{"name":"(anonymous_0)","decl":{"start":{"line":3,"column":29},"end":{"line":3,"column":30}},"loc":{"start":{"line":3,"column":41},"end":{"line":8,"column":1}},"line":3},"1":{"name":"(anonymous_1)","decl":{"start":{"line":10,"column":27},"end":{"line":10,"column":28}},"loc":{"start":{"line":10,"column":41},"end":{"line":13,"column":1}},"line":10},"2":{"name":"(anonymous_2)","decl":{"start":{"line":15,"column":32},"end":{"line":15,"column":33}},"loc":{"start":{"line":15,"column":41},"end":{"line":18,"column":1}},"line":15},"3":{"name":"(anonymous_3)","decl":{"start":{"line":20,"column":29},"end":{"line":20,"column":30}},"loc":{"start":{"line":20,"column":42},"end":{"line":25,"column":1}},"line":20}},"branchMap":{},"s":{"0":0,"1":0,"2":0,"3":0,"4":0,"5":0,"6":0,"7":0},"f":{"0":0,"1":0,"2":0,"3":0},"b":{}}
,"C:\\projects\\utils\\saga-axios\\src\\sagas\\global.sagas.js": {"path":"C:\\projects\\utils\\saga-axios\\src\\sagas\\global.sagas.js","statementMap":{"0":{"start":{"line":27,"column":6},"end":{"line":27,"column":12}},"1":{"start":{"line":33,"column":6},"end":{"line":33,"column":13}},"2":{"start":{"line":35,"column":16},"end":{"line":35,"column":18}},"3":{"start":{"line":36,"column":2},"end":{"line":39,"column":3}},"4":{"start":{"line":37,"column":18},"end":{"line":37,"column":32}},"5":{"start":{"line":38,"column":4},"end":{"line":38,"column":43}},"6":{"start":{"line":41,"column":2},"end":{"line":47,"column":3}},"7":{"start":{"line":42,"column":21},"end":{"line":42,"column":35}},"8":{"start":{"line":43,"column":4},"end":{"line":45,"column":5}},"9":{"start":{"line":44,"column":6},"end":{"line":44,"column":34}},"10":{"start":{"line":46,"column":4},"end":{"line":46,"column":23}},"11":{"start":{"line":48,"column":20},"end":{"line":48,"column":74}},"12":{"start":{"line":49,"column":2},"end":{"line":49,"column":24}},"13":{"start":{"line":49,"column":17},"end":{"line":49,"column":24}},"14":{"start":{"line":51,"column":12},"end":{"line":51,"column":14}},"15":{"start":{"line":52,"column":2},"end":{"line":79,"column":3}},"16":{"start":{"line":53,"column":4},"end":{"line":53,"column":34}},"17":{"start":{"line":54,"column":4},"end":{"line":64,"column":5}},"18":{"start":{"line":55,"column":6},"end":{"line":55,"column":63}},"19":{"start":{"line":56,"column":11},"end":{"line":64,"column":5}},"20":{"start":{"line":57,"column":6},"end":{"line":57,"column":73}},"21":{"start":{"line":58,"column":11},"end":{"line":64,"column":5}},"22":{"start":{"line":59,"column":6},"end":{"line":59,"column":72}},"23":{"start":{"line":60,"column":11},"end":{"line":64,"column":5}},"24":{"start":{"line":61,"column":6},"end":{"line":61,"column":74}},"25":{"start":{"line":62,"column":11},"end":{"line":64,"column":5}},"26":{"start":{"line":63,"column":6},"end":{"line":63,"column":66}},"27":{"start":{"line":65,"column":4},"end":{"line":68,"column":7}},"28":{"start":{"line":70,"column":4},"end":{"line":70,"column":46}},"29":{"start":{"line":71,"column":4},"end":{"line":78,"column":5}},"30":{"start":{"line":72,"column":6},"end":{"line":75,"column":9}},"31":{"start":{"line":77,"column":6},"end":{"line":77,"column":55}},"32":{"start":{"line":83,"column":36},"end":{"line":83,"column":42}},"33":{"start":{"line":84,"column":30},"end":{"line":84,"column":37}},"34":{"start":{"line":85,"column":28},"end":{"line":89,"column":4}},"35":{"start":{"line":86,"column":4},"end":{"line":88,"column":6}},"36":{"start":{"line":90,"column":25},"end":{"line":92,"column":4}},"37":{"start":{"line":91,"column":4},"end":{"line":91,"column":69}},"38":{"start":{"line":94,"column":2},"end":{"line":104,"column":3}},"39":{"start":{"line":95,"column":4},"end":{"line":98,"column":7}},"40":{"start":{"line":100,"column":4},"end":{"line":103,"column":7}},"41":{"start":{"line":108,"column":41},"end":{"line":108,"column":47}},"42":{"start":{"line":109,"column":38},"end":{"line":109,"column":45}},"43":{"start":{"line":110,"column":20},"end":{"line":110,"column":22}},"44":{"start":{"line":111,"column":2},"end":{"line":146,"column":3}},"45":{"start":{"line":112,"column":4},"end":{"line":127,"column":5}},"46":{"start":{"line":113,"column":6},"end":{"line":113,"column":35}},"47":{"start":{"line":114,"column":6},"end":{"line":126,"column":20}},"48":{"start":{"line":115,"column":21},"end":{"line":115,"column":43}},"49":{"start":{"line":116,"column":8},"end":{"line":125,"column":9}},"50":{"start":{"line":118,"column":12},"end":{"line":118,"column":30}},"51":{"start":{"line":119,"column":12},"end":{"line":119,"column":18}},"52":{"start":{"line":121,"column":12},"end":{"line":121,"column":30}},"53":{"start":{"line":122,"column":12},"end":{"line":122,"column":18}},"54":{"start":{"line":124,"column":12},"end":{"line":124,"column":18}},"55":{"start":{"line":128,"column":4},"end":{"line":143,"column":5}},"56":{"start":{"line":129,"column":19},"end":{"line":129,"column":36}},"57":{"start":{"line":131,"column":6},"end":{"line":137,"column":7}},"58":{"start":{"line":132,"column":8},"end":{"line":136,"column":9}},"59":{"start":{"line":133,"column":10},"end":{"line":133,"column":29}},"60":{"start":{"line":135,"column":10},"end":{"line":135,"column":56}},"61":{"start":{"line":138,"column":18},"end":{"line":138,"column":62}},"62":{"start":{"line":139,"column":24},"end":{"line":139,"column":45}},"63":{"start":{"line":140,"column":6},"end":{"line":142,"column":7}},"64":{"start":{"line":141,"column":8},"end":{"line":141,"column":25}},"65":{"start":{"line":145,"column":4},"end":{"line":145,"column":47}},"66":{"start":{"line":150,"column":2},"end":{"line":153,"column":4}}},"fnMap":{"0":{"name":"sagaSendToProcess","decl":{"start":{"line":18,"column":17},"end":{"line":18,"column":34}},"loc":{"start":{"line":18,"column":43},"end":{"line":80,"column":1}},"line":18},"1":{"name":"sagaProcessAfterSend","decl":{"start":{"line":82,"column":17},"end":{"line":82,"column":37}},"loc":{"start":{"line":82,"column":46},"end":{"line":105,"column":1}},"line":82},"2":{"name":"(anonymous_2)","decl":{"start":{"line":85,"column":43},"end":{"line":85,"column":44}},"loc":{"start":{"line":85,"column":55},"end":{"line":89,"column":3}},"line":85},"3":{"name":"(anonymous_3)","decl":{"start":{"line":90,"column":40},"end":{"line":90,"column":41}},"loc":{"start":{"line":90,"column":52},"end":{"line":92,"column":3}},"line":90},"4":{"name":"processActions","decl":{"start":{"line":107,"column":17},"end":{"line":107,"column":31}},"loc":{"start":{"line":107,"column":40},"end":{"line":147,"column":1}},"line":107},"5":{"name":"sagaSendToSagaProcessTakeEveryStart","decl":{"start":{"line":149,"column":17},"end":{"line":149,"column":52}},"loc":{"start":{"line":149,"column":55},"end":{"line":154,"column":1}},"line":149}},"branchMap":{"0":{"loc":{"start":{"line":23,"column":4},"end":{"line":23,"column":16}},"type":"default-arg","locations":[{"start":{"line":23,"column":14},"end":{"line":23,"column":16}}],"line":23},"1":{"loc":{"start":{"line":24,"column":4},"end":{"line":24,"column":22}},"type":"default-arg","locations":[{"start":{"line":24,"column":20},"end":{"line":24,"column":22}}],"line":24},"2":{"loc":{"start":{"line":25,"column":4},"end":{"line":25,"column":16}},"type":"default-arg","locations":[{"start":{"line":25,"column":14},"end":{"line":25,"column":16}}],"line":25},"3":{"loc":{"start":{"line":26,"column":4},"end":{"line":26,"column":18}},"type":"default-arg","locations":[{"start":{"line":26,"column":16},"end":{"line":26,"column":18}}],"line":26},"4":{"loc":{"start":{"line":30,"column":4},"end":{"line":30,"column":20}},"type":"default-arg","locations":[{"start":{"line":30,"column":16},"end":{"line":30,"column":20}}],"line":30},"5":{"loc":{"start":{"line":31,"column":4},"end":{"line":31,"column":36}},"type":"default-arg","locations":[{"start":{"line":31,"column":18},"end":{"line":31,"column":36}}],"line":31},"6":{"loc":{"start":{"line":32,"column":4},"end":{"line":32,"column":15}},"type":"default-arg","locations":[{"start":{"line":32,"column":13},"end":{"line":32,"column":15}}],"line":32},"7":{"loc":{"start":{"line":36,"column":2},"end":{"line":39,"column":3}},"type":"if","locations":[{"start":{"line":36,"column":2},"end":{"line":39,"column":3}},{"start":{},"end":{}}],"line":36},"8":{"loc":{"start":{"line":41,"column":2},"end":{"line":47,"column":3}},"type":"if","locations":[{"start":{"line":41,"column":2},"end":{"line":47,"column":3}},{"start":{},"end":{}}],"line":41},"9":{"loc":{"start":{"line":49,"column":2},"end":{"line":49,"column":24}},"type":"if","locations":[{"start":{"line":49,"column":2},"end":{"line":49,"column":24}},{"start":{},"end":{}}],"line":49},"10":{"loc":{"start":{"line":54,"column":4},"end":{"line":64,"column":5}},"type":"if","locations":[{"start":{"line":54,"column":4},"end":{"line":64,"column":5}},{"start":{"line":56,"column":11},"end":{"line":64,"column":5}}],"line":54},"11":{"loc":{"start":{"line":56,"column":11},"end":{"line":64,"column":5}},"type":"if","locations":[{"start":{"line":56,"column":11},"end":{"line":64,"column":5}},{"start":{"line":58,"column":11},"end":{"line":64,"column":5}}],"line":56},"12":{"loc":{"start":{"line":58,"column":11},"end":{"line":64,"column":5}},"type":"if","locations":[{"start":{"line":58,"column":11},"end":{"line":64,"column":5}},{"start":{"line":60,"column":11},"end":{"line":64,"column":5}}],"line":58},"13":{"loc":{"start":{"line":60,"column":11},"end":{"line":64,"column":5}},"type":"if","locations":[{"start":{"line":60,"column":11},"end":{"line":64,"column":5}},{"start":{"line":62,"column":11},"end":{"line":64,"column":5}}],"line":60},"14":{"loc":{"start":{"line":62,"column":11},"end":{"line":64,"column":5}},"type":"if","locations":[{"start":{"line":62,"column":11},"end":{"line":64,"column":5}},{"start":{},"end":{}}],"line":62},"15":{"loc":{"start":{"line":83,"column":19},"end":{"line":83,"column":31}},"type":"default-arg","locations":[{"start":{"line":83,"column":29},"end":{"line":83,"column":31}}],"line":83},"16":{"loc":{"start":{"line":87,"column":6},"end":{"line":87,"column":80}},"type":"binary-expr","locations":[{"start":{"line":87,"column":6},"end":{"line":87,"column":43}},{"start":{"line":87,"column":47},"end":{"line":87,"column":80}}],"line":87},"17":{"loc":{"start":{"line":91,"column":11},"end":{"line":91,"column":68}},"type":"binary-expr","locations":[{"start":{"line":91,"column":11},"end":{"line":91,"column":31}},{"start":{"line":91,"column":35},"end":{"line":91,"column":68}}],"line":91},"18":{"loc":{"start":{"line":94,"column":2},"end":{"line":104,"column":3}},"type":"if","locations":[{"start":{"line":94,"column":2},"end":{"line":104,"column":3}},{"start":{"line":99,"column":9},"end":{"line":104,"column":3}}],"line":94},"19":{"loc":{"start":{"line":108,"column":10},"end":{"line":108,"column":22}},"type":"default-arg","locations":[{"start":{"line":108,"column":20},"end":{"line":108,"column":22}}],"line":108},"20":{"loc":{"start":{"line":108,"column":24},"end":{"line":108,"column":36}},"type":"default-arg","locations":[{"start":{"line":108,"column":34},"end":{"line":108,"column":36}}],"line":108},"21":{"loc":{"start":{"line":109,"column":8},"end":{"line":109,"column":17}},"type":"default-arg","locations":[{"start":{"line":109,"column":15},"end":{"line":109,"column":17}}],"line":109},"22":{"loc":{"start":{"line":109,"column":19},"end":{"line":109,"column":33}},"type":"default-arg","locations":[{"start":{"line":109,"column":31},"end":{"line":109,"column":33}}],"line":109},"23":{"loc":{"start":{"line":112,"column":4},"end":{"line":127,"column":5}},"type":"if","locations":[{"start":{"line":112,"column":4},"end":{"line":127,"column":5}},{"start":{},"end":{}}],"line":112},"24":{"loc":{"start":{"line":116,"column":8},"end":{"line":125,"column":9}},"type":"switch","locations":[{"start":{"line":117,"column":10},"end":{"line":119,"column":18}},{"start":{"line":120,"column":10},"end":{"line":122,"column":18}},{"start":{"line":123,"column":10},"end":{"line":124,"column":18}}],"line":116},"25":{"loc":{"start":{"line":131,"column":6},"end":{"line":137,"column":7}},"type":"if","locations":[{"start":{"line":131,"column":6},"end":{"line":137,"column":7}},{"start":{},"end":{}}],"line":131},"26":{"loc":{"start":{"line":131,"column":10},"end":{"line":131,"column":61}},"type":"binary-expr","locations":[{"start":{"line":131,"column":10},"end":{"line":131,"column":30}},{"start":{"line":131,"column":34},"end":{"line":131,"column":61}}],"line":131},"27":{"loc":{"start":{"line":132,"column":8},"end":{"line":136,"column":9}},"type":"if","locations":[{"start":{"line":132,"column":8},"end":{"line":136,"column":9}},{"start":{"line":134,"column":15},"end":{"line":136,"column":9}}],"line":132},"28":{"loc":{"start":{"line":140,"column":6},"end":{"line":142,"column":7}},"type":"if","locations":[{"start":{"line":140,"column":6},"end":{"line":142,"column":7}},{"start":{},"end":{}}],"line":140}},"s":{"0":1,"1":1,"2":1,"3":1,"4":1,"5":1,"6":1,"7":0,"8":0,"9":0,"10":0,"11":1,"12":1,"13":0,"14":1,"15":1,"16":1,"17":1,"18":1,"19":0,"20":0,"21":0,"22":0,"23":0,"24":0,"25":0,"26":0,"27":1,"28":0,"29":0,"30":0,"31":0,"32":2,"33":2,"34":2,"35":6,"36":2,"37":6,"38":2,"39":1,"40":1,"41":0,"42":0,"43":0,"44":0,"45":0,"46":0,"47":0,"48":0,"49":0,"50":0,"51":0,"52":0,"53":0,"54":0,"55":0,"56":0,"57":0,"58":0,"59":0,"60":0,"61":0,"62":0,"63":0,"64":0,"65":0,"66":0},"f":{"0":1,"1":2,"2":6,"3":6,"4":0,"5":0},"b":{"0":[0],"1":[0],"2":[0],"3":[0],"4":[1],"5":[1],"6":[1],"7":[1,0],"8":[0,1],"9":[0,1],"10":[1,0],"11":[0,0],"12":[0,0],"13":[0,0],"14":[0,0],"15":[0],"16":[6,2],"17":[6,4],"18":[1,1],"19":[0],"20":[0],"21":[0],"22":[0],"23":[0,0],"24":[0,0,0],"25":[0,0],"26":[0,0],"27":[0,0],"28":[0,0]},"_coverageSchema":"1a1c01bbd47fc00a2c39e90264f33305004495a9","hash":"f0f4740a1690913c12c1286336a7095dc894f426"}
,"C:\\projects\\utils\\saga-axios\\src\\sagas\\global.types.js": {"path":"C:\\projects\\utils\\saga-axios\\src\\sagas\\global.types.js","statementMap":{"0":{"start":{"line":1,"column":27},"end":{"line":9,"column":1}}},"fnMap":{},"branchMap":{},"s":{"0":1},"f":{},"b":{},"_coverageSchema":"1a1c01bbd47fc00a2c39e90264f33305004495a9","hash":"9b2b284ee8c10d0bbf83bdd480d87ac79b6e8509"}
,"C:\\projects\\utils\\saga-axios\\src\\utils\\utils.js": {"path":"C:\\projects\\utils\\saga-axios\\src\\utils\\utils.js","statementMap":{"0":{"start":{"line":1,"column":28},"end":{"line":7,"column":1}},"1":{"start":{"line":3,"column":4},"end":{"line":5,"column":8}},"2":{"start":{"line":6,"column":2},"end":{"line":6,"column":15}},"3":{"start":{"line":9,"column":31},"end":{"line":14,"column":1}},"4":{"start":{"line":10,"column":2},"end":{"line":10,"column":42}},"5":{"start":{"line":11,"column":2},"end":{"line":11,"column":44}},"6":{"start":{"line":12,"column":2},"end":{"line":12,"column":63}},"7":{"start":{"line":13,"column":2},"end":{"line":13,"column":43}},"8":{"start":{"line":16,"column":26},"end":{"line":30,"column":1}},"9":{"start":{"line":22,"column":6},"end":{"line":22,"column":13}},"10":{"start":{"line":24,"column":2},"end":{"line":29,"column":4}}},"fnMap":{"0":{"name":"(anonymous_0)","decl":{"start":{"line":1,"column":28},"end":{"line":1,"column":29}},"loc":{"start":{"line":1,"column":34},"end":{"line":7,"column":1}},"line":1},"1":{"name":"(anonymous_1)","decl":{"start":{"line":9,"column":31},"end":{"line":9,"column":32}},"loc":{"start":{"line":9,"column":37},"end":{"line":14,"column":1}},"line":9},"2":{"name":"(anonymous_2)","decl":{"start":{"line":16,"column":26},"end":{"line":16,"column":27}},"loc":{"start":{"line":16,"column":39},"end":{"line":30,"column":1}},"line":16},"3":{"name":"(anonymous_3)","decl":{"start":{"line":20,"column":11},"end":{"line":20,"column":12}},"loc":{"start":{"line":20,"column":17},"end":{"line":20,"column":19}},"line":20}},"branchMap":{"0":{"loc":{"start":{"line":3,"column":4},"end":{"line":5,"column":8}},"type":"binary-expr","locations":[{"start":{"line":3,"column":4},"end":{"line":3,"column":40}},{"start":{"line":4,"column":4},"end":{"line":4,"column":42}},{"start":{"line":5,"column":4},"end":{"line":5,"column":8}}],"line":3},"1":{"loc":{"start":{"line":18,"column":4},"end":{"line":18,"column":18}},"type":"default-arg","locations":[{"start":{"line":18,"column":9},"end":{"line":18,"column":18}}],"line":18},"2":{"loc":{"start":{"line":19,"column":4},"end":{"line":19,"column":20}},"type":"default-arg","locations":[{"start":{"line":19,"column":14},"end":{"line":19,"column":20}}],"line":19},"3":{"loc":{"start":{"line":20,"column":4},"end":{"line":20,"column":19}},"type":"default-arg","locations":[{"start":{"line":20,"column":11},"end":{"line":20,"column":19}}],"line":20},"4":{"loc":{"start":{"line":21,"column":4},"end":{"line":21,"column":16}},"type":"default-arg","locations":[{"start":{"line":21,"column":14},"end":{"line":21,"column":16}}],"line":21}},"s":{"0":2,"1":9,"2":9,"3":2,"4":1,"5":1,"6":1,"7":1,"8":2,"9":9,"10":9},"f":{"0":9,"1":1,"2":9,"3":0},"b":{"0":[9,4,4],"1":[1],"2":[7],"3":[7],"4":[7]},"_coverageSchema":"1a1c01bbd47fc00a2c39e90264f33305004495a9","hash":"9948b53ebe66436c3e469c0b6686efc06d1f130f"}
}
