TN:
SF:src\index.js
FNF:0
FNH:0
LF:0
LH:0
BRF:0
BRH:0
end_of_record
TN:
SF:src\core\index.js
FNF:0
FNH:0
LF:0
LH:0
BRF:0
BRH:0
end_of_record
TN:
SF:src\sagas\global.actions.js
FN:3,(anonymous_0)
FN:10,(anonymous_1)
FN:15,(anonymous_2)
FN:20,(anonymous_3)
FNF:4
FNH:0
FNDA:0,(anonymous_0)
FNDA:0,(anonymous_1)
FNDA:0,(anonymous_2)
FNDA:0,(anonymous_3)
DA:3,0
DA:4,0
DA:10,0
DA:15,0
DA:20,0
DA:21,0
LF:6
LH:0
BRF:0
BRH:0
end_of_record
TN:
SF:src\sagas\global.sagas.js
FN:18,sagaSendToProcess
FN:82,sagaProcessAfterSend
FN:85,(anonymous_2)
FN:90,(anonymous_3)
FN:107,processActions
FN:149,sagaSendToSagaProcessTakeEveryStart
FNF:6
FNH:4
FNDA:1,sagaSendToProcess
FNDA:2,sagaProcessAfterSend
FNDA:6,(anonymous_2)
FNDA:6,(anonymous_3)
FNDA:0,processActions
FNDA:0,sagaSendToSagaProcessTakeEveryStart
DA:27,1
DA:33,1
DA:35,1
DA:36,1
DA:37,1
DA:38,1
DA:41,1
DA:42,0
DA:43,0
DA:44,0
DA:46,0
DA:48,1
DA:49,1
DA:51,1
DA:52,1
DA:53,1
DA:54,1
DA:55,1
DA:56,0
DA:57,0
DA:58,0
DA:59,0
DA:60,0
DA:61,0
DA:62,0
DA:63,0
DA:65,1
DA:70,0
DA:71,0
DA:72,0
DA:77,0
DA:83,2
DA:84,2
DA:85,2
DA:86,6
DA:90,2
DA:91,6
DA:94,2
DA:95,1
DA:100,1
DA:108,0
DA:109,0
DA:110,0
DA:111,0
DA:112,0
DA:113,0
DA:114,0
DA:115,0
DA:116,0
DA:118,0
DA:119,0
DA:121,0
DA:122,0
DA:124,0
DA:128,0
DA:129,0
DA:131,0
DA:132,0
DA:133,0
DA:135,0
DA:138,0
DA:139,0
DA:140,0
DA:141,0
DA:145,0
DA:150,0
LF:66
LH:24
BRDA:23,0,0,0
BRDA:24,1,0,0
BRDA:25,2,0,0
BRDA:26,3,0,0
BRDA:30,4,0,1
BRDA:31,5,0,1
BRDA:32,6,0,1
BRDA:36,7,0,1
BRDA:36,7,1,0
BRDA:41,8,0,0
BRDA:41,8,1,1
BRDA:49,9,0,0
BRDA:49,9,1,1
BRDA:54,10,0,1
BRDA:54,10,1,0
BRDA:56,11,0,0
BRDA:56,11,1,0
BRDA:58,12,0,0
BRDA:58,12,1,0
BRDA:60,13,0,0
BRDA:60,13,1,0
BRDA:62,14,0,0
BRDA:62,14,1,0
BRDA:83,15,0,0
BRDA:87,16,0,6
BRDA:87,16,1,2
BRDA:91,17,0,6
BRDA:91,17,1,4
BRDA:94,18,0,1
BRDA:94,18,1,1
BRDA:108,19,0,0
BRDA:108,20,0,0
BRDA:109,21,0,0
BRDA:109,22,0,0
BRDA:112,23,0,0
BRDA:112,23,1,0
BRDA:116,24,0,0
BRDA:116,24,1,0
BRDA:116,24,2,0
BRDA:131,25,0,0
BRDA:131,25,1,0
BRDA:131,26,0,0
BRDA:131,26,1,0
BRDA:132,27,0,0
BRDA:132,27,1,0
BRDA:140,28,0,0
BRDA:140,28,1,0
BRF:47
BRH:13
end_of_record
TN:
SF:src\sagas\global.types.js
FNF:0
FNH:0
DA:1,1
LF:1
LH:1
BRF:0
BRH:0
end_of_record
TN:
SF:src\utils\utils.js
FN:1,(anonymous_0)
FN:9,(anonymous_1)
FN:16,(anonymous_2)
FN:20,(anonymous_3)
FNF:4
FNH:3
FNDA:9,(anonymous_0)
FNDA:1,(anonymous_1)
FNDA:9,(anonymous_2)
FNDA:0,(anonymous_3)
DA:1,2
DA:3,9
DA:6,9
DA:9,2
DA:10,1
DA:11,1
DA:12,1
DA:13,1
DA:16,2
DA:22,9
DA:24,9
LF:11
LH:11
BRDA:3,0,0,9
BRDA:3,0,1,4
BRDA:3,0,2,4
BRDA:18,1,0,1
BRDA:19,2,0,7
BRDA:20,3,0,7
BRDA:21,4,0,7
BRF:7
BRH:7
end_of_record
